Traceback (most recent call last):
  File "train.py", line 58, in <module>
    train_set = TrainSetLoader(dataset_dir=args.trainset_dir)
  File "/home/chengyuhan/FYP/Stereo-Waterdrop-Removal-main/dataset.py", line 22, in __init__
    datanames=os.listdir(os.path.join(dataset_dir,'data'))
FileNotFoundError: [Errno 2] No such file or directory: './FYP/datasetQ/train/train/data'
Traceback (most recent call last):
  File "./Stereo-Waterdrop-Removal-main/train.py", line 58, in <module>
    train_set = TrainSetLoader(dataset_dir=args.trainset_dir)
  File "/home/chengyuhan/FYP/Stereo-Waterdrop-Removal-main/dataset.py", line 22, in __init__
    datanames=os.listdir(os.path.join(dataset_dir,'data'))
FileNotFoundError: [Errno 2] No such file or directory: './FYP/datasetQ/train/train/data'
Traceback (most recent call last):
  File "train.py", line 58, in <module>
    train_set = TrainSetLoader(dataset_dir=args.trainset_dir)
  File "/home/chengyuhan/FYP/Stereo-Waterdrop-Removal-main/dataset.py", line 22, in __init__
    datanames=os.listdir(os.path.join(dataset_dir,'data'))
FileNotFoundError: [Errno 2] No such file or directory: '../FYP/datasetQ/train/train/data'
Traceback (most recent call last):
  File "train.py", line 58, in <module>
    train_set = TrainSetLoader(dataset_dir=args.trainset_dir)
  File "/home/chengyuhan/FYP/Stereo-Waterdrop-Removal-main/dataset.py", line 22, in __init__
    datanames=os.listdir(os.path.join(dataset_dir,'data'))
FileNotFoundError: [Errno 2] No such file or directory: 'chengyuhan/FYP/datasetQ/train/train/data'
Traceback (most recent call last):
  File "train.py", line 58, in <module>
    train_set = TrainSetLoader(dataset_dir=args.trainset_dir)
  File "/home/chengyuhan/FYP/Stereo-Waterdrop-Removal-main/dataset.py", line 26, in __init__
    data_lists.append(os.path.join(datanames,img))
  File "/home/chengyuhan/miniconda3/lib/python3.8/posixpath.py", line 76, in join
    a = os.fspath(a)
TypeError: expected str, bytes or os.PathLike object, not list
img_name:  354_rain.png
img_name:  857_rain.png
img_name:  671_rain.png
img_name:  715_rain.png
img_name:  531_rain.png
img_name:  710_rain.png
img_name:  214_rain.png
img_name:  180_rain.png
img_name:  662_rain.png
img_name:  759_rain.png
img_name:  851_rain.png
img_name:  418_rain.png
img_name:  113_rain.png
img_name:  185_rain.png
img_name:  540_rain.png
img_name:  11_rain.png
img_name:  378_rain.png
img_name:  138_rain.png
img_name:  449_rain.png
img_name:  722_rain.png
img_name:  507_rain.png
img_name:  376_rain.png
img_name:  703_rain.png
img_name:  668_rain.png
img_name:  207_rain.png
img_name:  605_rain.png
img_name:  561_rain.png
img_name:  644_rain.png
img_name:  638_rain.png
img_name:  600_rain.png
img_name:  128_rain.png
img_name:  85_rain.png
img_name:  98_rain.png
img_name:  752_rain.png
img_name:  816_rain.png
img_name:  598_rain.png
img_name:  201_rain.png
img_name:  325_rain.png
img_name:  606_rain.png
img_name:  44_rain.png
img_name:  189_rain.png
img_name:  78_rain.png
img_name:  50_rain.png
img_name:  415_rain.png
img_name:  330_rain.png
img_name:  151_rain.png
img_name:  342_rain.png
img_name:  349_rain.png
img_name:  293_rain.png
img_name:  320_rain.png
img_name:  45_rain.png
img_name:  495_rain.png
img_name:  634_rain.png
img_name:  628_rain.png
img_name:  190_rain.png
img_name:  23_rain.png
img_name:  72_rain.png
img_name:  753_rain.png
img_name:  139_rain.png
img_name:  457_rain.png
img_name:  488_rain.png
img_name:  234_rain.png
img_name:  607_rain.png
img_name:  482_rain.png
img_name:  445_rain.png
img_name:  556_rain.png
img_name:  550_rain.png
img_name:  840_rain.png
img_name:  526_rain.png
img_name:  837_rain.png
img_name:  649_rain.png
img_name:  74_rain.png
img_name:  333_rain.png
img_name:  191_rain.png
img_name:  749_rain.png
img_name:  0_rain.png
img_name:  118_rain.png
img_name:  783_rain.png
img_name:  305_rain.png
img_name:  63_rain.png
img_name:  795_rain.png
img_name:  842_rain.png
img_name:  643_rain.png
img_name:  468_rain.png
img_name:  571_rain.png
img_name:  361_rain.png
img_name:  312_rain.png
img_name:  22_rain.png
img_name:  835_rain.png
img_name:  408_rain.png
img_name:  225_rain.png
img_name:  95_rain.png
img_name:  273_rain.png
img_name:  692_rain.png
img_name:  298_rain.png
img_name:  222_rain.png
img_name:  448_rain.png
img_name:  116_rain.png
img_name:  827_rain.png
img_name:  635_rain.png
img_name:  145_rain.png
img_name:  236_rain.png
img_name:  102_rain.png
img_name:  854_rain.png
img_name:  491_rain.png
img_name:  199_rain.png
img_name:  467_rain.png
img_name:  89_rain.png
img_name:  244_rain.png
img_name:  546_rain.png
img_name:  168_rain.png
img_name:  259_rain.png
img_name:  433_rain.png
img_name:  474_rain.png
img_name:  532_rain.png
img_name:  720_rain.png
img_name:  528_rain.png
img_name:  46_rain.png
img_name:  763_rain.png
img_name:  290_rain.png
img_name:  822_rain.png
img_name:  256_rain.png
img_name:  160_rain.png
img_name:  334_rain.png
img_name:  597_rain.png
img_name:  698_rain.png
img_name:  417_rain.png
img_name:  648_rain.png
img_name:  672_rain.png
img_name:  379_rain.png
img_name:  820_rain.png
img_name:  573_rain.png
img_name:  850_rain.png
img_name:  723_rain.png
img_name:  120_rain.png
img_name:  123_rain.png
img_name:  724_rain.png
img_name:  652_rain.png
img_name:  181_rain.png
img_name:  705_rain.png
img_name:  246_rain.png
img_name:  583_rain.png
img_name:  456_rain.png
img_name:  371_rain.png
img_name:  359_rain.png
img_name:  170_rain.png
img_name:  610_rain.png
img_name:  727_rain.png
img_name:  689_rain.png
img_name:  97_rain.png
img_name:  810_rain.png
img_name:  19_rain.png
img_name:  611_rain.png
img_name:  782_rain.png
img_name:  721_rain.png
img_name:  35_rain.png
img_name:  731_rain.png
img_name:  175_rain.png
img_name:  578_rain.png
img_name:  853_rain.png
img_name:  31_rain.png
img_name:  197_rain.png
img_name:  324_rain.png
img_name:  620_rain.png
img_name:  774_rain.png
img_name:  670_rain.png
img_name:  141_rain.png
img_name:  59_rain.png
img_name:  522_rain.png
img_name:  33_rain.png
img_name:  776_rain.png
img_name:  479_rain.png
img_name:  390_rain.png
img_name:  750_rain.png
img_name:  41_rain.png
img_name:  738_rain.png
img_name:  714_rain.png
img_name:  308_rain.png
img_name:  690_rain.png
img_name:  733_rain.png
img_name:  311_rain.png
img_name:  658_rain.png
img_name:  380_rain.png
img_name:  2_rain.png
img_name:  257_rain.png
img_name:  321_rain.png
img_name:  387_rain.png
img_name:  36_rain.png
img_name:  831_rain.png
img_name:  567_rain.png
img_name:  391_rain.png
img_name:  230_rain.png
img_name:  262_rain.png
img_name:  719_rain.png
img_name:  664_rain.png
img_name:  295_rain.png
img_name:  150_rain.png
img_name:  693_rain.png
img_name:  446_rain.png
img_name:  288_rain.png
img_name:  728_rain.png
img_name:  172_rain.png
img_name:  292_rain.png
img_name:  604_rain.png
img_name:  454_rain.png
img_name:  553_rain.png
img_name:  476_rain.png
img_name:  208_rain.png
img_name:  792_rain.png
img_name:  38_rain.png
img_name:  450_rain.png
img_name:  817_rain.png
img_name:  127_rain.png
img_name:  69_rain.png
img_name:  797_rain.png
img_name:  441_rain.png
img_name:  564_rain.png
img_name:  730_rain.png
img_name:  609_rain.png
img_name:  818_rain.png
img_name:  114_rain.png
img_name:  771_rain.png
img_name:  194_rain.png
img_name:  514_rain.png
img_name:  781_rain.png
img_name:  196_rain.png
img_name:  726_rain.png
img_name:  104_rain.png
img_name:  374_rain.png
img_name:  461_rain.png
img_name:  83_rain.png
img_name:  147_rain.png
img_name:  497_rain.png
img_name:  595_rain.png
img_name:  289_rain.png
img_name:  549_rain.png
img_name:  451_rain.png
img_name:  111_rain.png
img_name:  462_rain.png
img_name:  296_rain.png
img_name:  765_rain.png
img_name:  435_rain.png
img_name:  773_rain.png
img_name:  158_rain.png
img_name:  242_rain.png
img_name:  13_rain.png
img_name:  442_rain.png
img_name:  277_rain.png
img_name:  859_rain.png
img_name:  551_rain.png
img_name:  838_rain.png
img_name:  105_rain.png
img_name:  536_rain.png
img_name:  697_rain.png
img_name:  503_rain.png
img_name:  788_rain.png
img_name:  813_rain.png
img_name:  804_rain.png
img_name:  704_rain.png
img_name:  55_rain.png
img_name:  24_rain.png
img_name:  499_rain.png
img_name:  157_rain.png
img_name:  25_rain.png
img_name:  823_rain.png
img_name:  563_rain.png
img_name:  545_rain.png
img_name:  402_rain.png
img_name:  210_rain.png
img_name:  599_rain.png
img_name:  839_rain.png
img_name:  317_rain.png
img_name:  167_rain.png
img_name:  805_rain.png
img_name:  132_rain.png
img_name:  601_rain.png
img_name:  655_rain.png
img_name:  365_rain.png
img_name:  47_rain.png
img_name:  148_rain.png
img_name:  741_rain.png
img_name:  636_rain.png
img_name:  794_rain.png
img_name:  136_rain.png
img_name:  338_rain.png
img_name:  696_rain.png
img_name:  130_rain.png
img_name:  218_rain.png
img_name:  815_rain.png
img_name:  766_rain.png
img_name:  82_rain.png
img_name:  860_rain.png
img_name:  401_rain.png
img_name:  166_rain.png
img_name:  184_rain.png
img_name:  650_rain.png
img_name:  707_rain.png
img_name:  212_rain.png
img_name:  239_rain.png
img_name:  397_rain.png
img_name:  626_rain.png
img_name:  261_rain.png
img_name:  520_rain.png
img_name:  624_rain.png
img_name:  679_rain.png
img_name:  631_rain.png
img_name:  480_rain.png
img_name:  757_rain.png
img_name:  855_rain.png
img_name:  784_rain.png
img_name:  437_rain.png
img_name:  577_rain.png
img_name:  431_rain.png
img_name:  821_rain.png
img_name:  699_rain.png
img_name:  364_rain.png
img_name:  209_rain.png
img_name:  278_rain.png
img_name:  70_rain.png
img_name:  629_rain.png
img_name:  742_rain.png
img_name:  16_rain.png
img_name:  409_rain.png
img_name:  834_rain.png
img_name:  569_rain.png
img_name:  8_rain.png
img_name:  142_rain.png
img_name:  775_rain.png
img_name:  327_rain.png
img_name:  400_rain.png
img_name:  146_rain.png
img_name:  430_rain.png
img_name:  470_rain.png
img_name:  748_rain.png
img_name:  352_rain.png
img_name:  581_rain.png
img_name:  126_rain.png
img_name:  706_rain.png
img_name:  751_rain.png
img_name:  459_rain.png
img_name:  91_rain.png
img_name:  52_rain.png
img_name:  211_rain.png
img_name:  285_rain.png
img_name:  687_rain.png
img_name:  660_rain.png
img_name:  221_rain.png
img_name:  477_rain.png
img_name:  780_rain.png
img_name:  778_rain.png
img_name:  410_rain.png
img_name:  473_rain.png
img_name:  802_rain.png
img_name:  373_rain.png
img_name:  619_rain.png
img_name:  223_rain.png
img_name:  355_rain.png
img_name:  287_rain.png
img_name:  65_rain.png
img_name:  712_rain.png
img_name:  282_rain.png
img_name:  427_rain.png
img_name:  466_rain.png
img_name:  667_rain.png
img_name:  332_rain.png
img_name:  809_rain.png
img_name:  498_rain.png
img_name:  367_rain.png
img_name:  356_rain.png
img_name:  790_rain.png
img_name:  34_rain.png
img_name:  647_rain.png
img_name:  673_rain.png
img_name:  235_rain.png
img_name:  71_rain.png
img_name:  425_rain.png
img_name:  315_rain.png
img_name:  200_rain.png
img_name:  421_rain.png
img_name:  66_rain.png
img_name:  758_rain.png
img_name:  819_rain.png
img_name:  310_rain.png
img_name:  217_rain.png
img_name:  521_rain.png
img_name:  651_rain.png
img_name:  396_rain.png
img_name:  420_rain.png
img_name:  302_rain.png
img_name:  460_rain.png
img_name:  586_rain.png
img_name:  339_rain.png
img_name:  654_rain.png
img_name:  799_rain.png
img_name:  30_rain.png
img_name:  228_rain.png
img_name:  377_rain.png
img_name:  769_rain.png
img_name:  463_rain.png
img_name:  640_rain.png
img_name:  79_rain.png
img_name:  542_rain.png
img_name:  824_rain.png
img_name:  174_rain.png
img_name:  314_rain.png
img_name:  220_rain.png
img_name:  233_rain.png
img_name:  555_rain.png
img_name:  533_rain.png
img_name:  215_rain.png
img_name:  490_rain.png
img_name:  814_rain.png
img_name:  856_rain.png
img_name:  77_rain.png
img_name:  621_rain.png
img_name:  133_rain.png
img_name:  678_rain.png
img_name:  729_rain.png
img_name:  56_rain.png
img_name:  179_rain.png
img_name:  405_rain.png
img_name:  517_rain.png
img_name:  512_rain.png
img_name:  204_rain.png
img_name:  745_rain.png
img_name:  579_rain.png
img_name:  443_rain.png
img_name:  587_rain.png
img_name:  253_rain.png
img_name:  484_rain.png
img_name:  812_rain.png
img_name:  384_rain.png
img_name:  580_rain.png
img_name:  178_rain.png
img_name:  438_rain.png
img_name:  100_rain.png
img_name:  798_rain.png
img_name:  152_rain.png
img_name:  154_rain.png
img_name:  344_rain.png
img_name:  58_rain.png
img_name:  419_rain.png
img_name:  736_rain.png
img_name:  407_rain.png
img_name:  847_rain.png
img_name:  494_rain.png
img_name:  10_rain.png
img_name:  269_rain.png
img_name:  702_rain.png
img_name:  511_rain.png
img_name:  270_rain.png
img_name:  793_rain.png
img_name:  183_rain.png
img_name:  701_rain.png
img_name:  64_rain.png
img_name:  478_rain.png
img_name:  375_rain.png
img_name:  348_rain.png
img_name:  682_rain.png
img_name:  530_rain.png
img_name:  61_rain.png
img_name:  637_rain.png
img_name:  4_rain.png
img_name:  777_rain.png
img_name:  447_rain.png
img_name:  328_rain.png
img_name:  271_rain.png
img_name:  125_rain.png
img_name:  134_rain.png
img_name:  535_rain.png
img_name:  858_rain.png
img_name:  103_rain.png
img_name:  193_rain.png
img_name:  163_rain.png
img_name:  841_rain.png
img_name:  284_rain.png
img_name:  187_rain.png
img_name:  335_rain.png
img_name:  686_rain.png
img_name:  372_rain.png
img_name:  592_rain.png
img_name:  645_rain.png
img_name:  62_rain.png
img_name:  251_rain.png
img_name:  350_rain.png
img_name:  121_rain.png
img_name:  260_rain.png
img_name:  67_rain.png
img_name:  422_rain.png
img_name:  96_rain.png
img_name:  192_rain.png
img_name:  3_rain.png
img_name:  353_rain.png
img_name:  608_rain.png
img_name:  789_rain.png
img_name:  760_rain.png
img_name:  568_rain.png
img_name:  674_rain.png
img_name:  326_rain.png
img_name:  485_rain.png
img_name:  399_rain.png
img_name:  250_rain.png
img_name:  800_rain.png
img_name:  791_rain.png
img_name:  249_rain.png
img_name:  675_rain.png
img_name:  627_rain.png
img_name:  843_rain.png
img_name:  559_rain.png
img_name:  677_rain.png
img_name:  529_rain.png
img_name:  213_rain.png
img_name:  825_rain.png
img_name:  316_rain.png
img_name:  297_rain.png
img_name:  633_rain.png
img_name:  500_rain.png
img_name:  434_rain.png
img_name:  612_rain.png
img_name:  264_rain.png
img_name:  346_rain.png
img_name:  523_rain.png
img_name:  216_rain.png
img_name:  362_rain.png
img_name:  392_rain.png
img_name:  165_rain.png
img_name:  585_rain.png
img_name:  389_rain.png
img_name:  565_rain.png
img_name:  754_rain.png
img_name:  386_rain.png
img_name:  110_rain.png
img_name:  369_rain.png
img_name:  202_rain.png
img_name:  622_rain.png
img_name:  762_rain.png
img_name:  615_rain.png
img_name:  743_rain.png
img_name:  426_rain.png
img_name:  808_rain.png
img_name:  483_rain.png
img_name:  828_rain.png
img_name:  506_rain.png
img_name:  263_rain.png
img_name:  53_rain.png
img_name:  280_rain.png
img_name:  411_rain.png
img_name:  785_rain.png
img_name:  1_rain.png
img_name:  186_rain.png
img_name:  309_rain.png
img_name:  444_rain.png
img_name:  268_rain.png
img_name:  227_rain.png
img_name:  429_rain.png
img_name:  695_rain.png
img_name:  272_rain.png
img_name:  801_rain.png
img_name:  508_rain.png
img_name:  552_rain.png
img_name:  537_rain.png
img_name:  368_rain.png
img_name:  93_rain.png
img_name:  29_rain.png
img_name:  366_rain.png
img_name:  646_rain.png
img_name:  232_rain.png
img_name:  803_rain.png
img_name:  94_rain.png
img_name:  343_rain.png
img_name:  161_rain.png
img_name:  394_rain.png
img_name:  755_rain.png
img_name:  307_rain.png
img_name:  17_rain.png
img_name:  509_rain.png
img_name:  547_rain.png
img_name:  826_rain.png
img_name:  15_rain.png
img_name:  188_rain.png
img_name:  153_rain.png
img_name:  241_rain.png
img_name:  806_rain.png
img_name:  119_rain.png
img_name:  398_rain.png
img_name:  385_rain.png
img_name:  475_rain.png
img_name:  767_rain.png
img_name:  318_rain.png
img_name:  515_rain.png
img_name:  603_rain.png
img_name:  206_rain.png
img_name:  162_rain.png
img_name:  266_rain.png
img_name:  747_rain.png
img_name:  159_rain.png
img_name:  245_rain.png
img_name:  472_rain.png
img_name:  669_rain.png
img_name:  112_rain.png
img_name:  122_rain.png
img_name:  746_rain.png
img_name:  486_rain.png
img_name:  281_rain.png
img_name:  711_rain.png
img_name:  247_rain.png
img_name:  219_rain.png
img_name:  582_rain.png
img_name:  737_rain.png
img_name:  505_rain.png
img_name:  5_rain.png
img_name:  341_rain.png
img_name:  412_rain.png
img_name:  37_rain.png
img_name:  665_rain.png
img_name:  436_rain.png
img_name:  653_rain.png
img_name:  548_rain.png
img_name:  171_rain.png
img_name:  574_rain.png
img_name:  852_rain.png
img_name:  205_rain.png
img_name:  524_rain.png
img_name:  666_rain.png
img_name:  717_rain.png
img_name:  254_rain.png
img_name:  306_rain.png
img_name:  708_rain.png
img_name:  351_rain.png
img_name:  60_rain.png
img_name:  416_rain.png
img_name:  286_rain.png
img_name:  562_rain.png
img_name:  688_rain.png
img_name:  39_rain.png
img_name:  432_rain.png
img_name:  830_rain.png
img_name:  87_rain.png
img_name:  143_rain.png
img_name:  593_rain.png
img_name:  740_rain.png
img_name:  331_rain.png
img_name:  129_rain.png
img_name:  642_rain.png
img_name:  632_rain.png
img_name:  614_rain.png
img_name:  625_rain.png
img_name:  833_rain.png
img_name:  617_rain.png
img_name:  787_rain.png
img_name:  846_rain.png
img_name:  685_rain.png
img_name:  21_rain.png
img_name:  756_rain.png
img_name:  513_rain.png
img_name:  337_rain.png
img_name:  265_rain.png
img_name:  169_rain.png
img_name:  279_rain.png
img_name:  252_rain.png
img_name:  641_rain.png
img_name:  49_rain.png
img_name:  18_rain.png
img_name:  404_rain.png
img_name:  458_rain.png
img_name:  543_rain.png
img_name:  493_rain.png
img_name:  554_rain.png
img_name:  406_rain.png
img_name:  381_rain.png
img_name:  849_rain.png
img_name:  428_rain.png
img_name:  7_rain.png
img_name:  176_rain.png
img_name:  347_rain.png
img_name:  131_rain.png
img_name:  725_rain.png
img_name:  363_rain.png
img_name:  248_rain.png
img_name:  680_rain.png
img_name:  807_rain.png
img_name:  156_rain.png
img_name:  283_rain.png
img_name:  539_rain.png
img_name:  465_rain.png
img_name:  27_rain.png
img_name:  538_rain.png
img_name:  591_rain.png
img_name:  198_rain.png
img_name:  534_rain.png
img_name:  336_rain.png
img_name:  117_rain.png
img_name:  414_rain.png
img_name:  144_rain.png
img_name:  291_rain.png
img_name:  115_rain.png
img_name:  630_rain.png
img_name:  322_rain.png
img_name:  768_rain.png
img_name:  276_rain.png
img_name:  684_rain.png
img_name:  744_rain.png
img_name:  140_rain.png
img_name:  195_rain.png
img_name:  541_rain.png
img_name:  395_rain.png
img_name:  137_rain.png
img_name:  182_rain.png
img_name:  440_rain.png
img_name:  657_rain.png
img_name:  20_rain.png
img_name:  439_rain.png
img_name:  613_rain.png
img_name:  589_rain.png
img_name:  770_rain.png
img_name:  345_rain.png
img_name:  413_rain.png
img_name:  267_rain.png
img_name:  231_rain.png
img_name:  323_rain.png
img_name:  424_rain.png
img_name:  694_rain.png
img_name:  388_rain.png
img_name:  340_rain.png
img_name:  240_rain.png
img_name:  135_rain.png
img_name:  527_rain.png
img_name:  80_rain.png
img_name:  594_rain.png
img_name:  68_rain.png
img_name:  504_rain.png
img_name:  299_rain.png
img_name:  502_rain.png
img_name:  716_rain.png
img_name:  26_rain.png
img_name:  40_rain.png
img_name:  294_rain.png
img_name:  518_rain.png
img_name:  836_rain.png
img_name:  12_rain.png
img_name:  226_rain.png
img_name:  229_rain.png
img_name:  301_rain.png
img_name:  86_rain.png
img_name:  224_rain.png
img_name:  14_rain.png
img_name:  6_rain.png
img_name:  203_rain.png
img_name:  393_rain.png
img_name:  829_rain.png
img_name:  238_rain.png
img_name:  590_rain.png
img_name:  709_rain.png
img_name:  360_rain.png
img_name:  108_rain.png
img_name:  558_rain.png
img_name:  313_rain.png
img_name:  661_rain.png
img_name:  243_rain.png
img_name:  718_rain.png
img_name:  275_rain.png
img_name:  596_rain.png
img_name:  76_rain.png
img_name:  357_rain.png
img_name:  557_rain.png
img_name:  469_rain.png
img_name:  124_rain.png
img_name:  683_rain.png
img_name:  584_rain.png
img_name:  659_rain.png
img_name:  832_rain.png
img_name:  452_rain.png
img_name:  455_rain.png
img_name:  501_rain.png
img_name:  382_rain.png
img_name:  109_rain.png
img_name:  403_rain.png
img_name:  423_rain.png
img_name:  92_rain.png
img_name:  255_rain.png
img_name:  383_rain.png
img_name:  106_rain.png
img_name:  663_rain.png
img_name:  300_rain.png
img_name:  54_rain.png
img_name:  496_rain.png
img_name:  155_rain.png
img_name:  258_rain.png
img_name:  173_rain.png
img_name:  734_rain.png
img_name:  691_rain.png
img_name:  510_rain.png
img_name:  681_rain.png
img_name:  560_rain.png
img_name:  81_rain.png
img_name:  492_rain.png
img_name:  88_rain.png
img_name:  319_rain.png
img_name:  544_rain.png
img_name:  570_rain.png
img_name:  73_rain.png
img_name:  700_rain.png
img_name:  304_rain.png
img_name:  84_rain.png
img_name:  28_rain.png
img_name:  177_rain.png
img_name:  844_rain.png
img_name:  149_rain.png
img_name:  329_rain.png
img_name:  602_rain.png
img_name:  735_rain.png
img_name:  576_rain.png
img_name:  51_rain.png
img_name:  453_rain.png
img_name:  732_rain.png
img_name:  848_rain.png
img_name:  786_rain.png
img_name:  739_rain.png
img_name:  90_rain.png
img_name:  519_rain.png
img_name:  370_rain.png
img_name:  358_rain.png
img_name:  575_rain.png
img_name:  623_rain.png
img_name:  616_rain.png
img_name:  303_rain.png
img_name:  48_rain.png
img_name:  516_rain.png
img_name:  42_rain.png
img_name:  489_rain.png
img_name:  99_rain.png
img_name:  525_rain.png
img_name:  107_rain.png
img_name:  656_rain.png
img_name:  237_rain.png
img_name:  845_rain.png
img_name:  464_rain.png
img_name:  101_rain.png
img_name:  32_rain.png
img_name:  471_rain.png
img_name:  764_rain.png
img_name:  75_rain.png
img_name:  713_rain.png
img_name:  572_rain.png
img_name:  57_rain.png
img_name:  779_rain.png
img_name:  9_rain.png
img_name:  618_rain.png
img_name:  639_rain.png
img_name:  164_rain.png
img_name:  487_rain.png
img_name:  481_rain.png
img_name:  566_rain.png
img_name:  772_rain.png
img_name:  588_rain.png
img_name:  761_rain.png
img_name:  811_rain.png
img_name:  796_rain.png
img_name:  43_rain.png
img_name:  676_rain.png
img_name:  274_rain.png
gt_name:  685_clean.png
gt_name:  429_clean.png
gt_name:  529_clean.png
gt_name:  160_clean.png
gt_name:  753_clean.png
gt_name:  317_clean.png
gt_name:  348_clean.png
gt_name:  821_clean.png
gt_name:  8_clean.png
gt_name:  276_clean.png
gt_name:  217_clean.png
gt_name:  680_clean.png
gt_name:  343_clean.png
gt_name:  41_clean.png
gt_name:  567_clean.png
gt_name:  442_clean.png
gt_name:  241_clean.png
gt_name:  492_clean.png
gt_name:  1_clean.png
gt_name:  83_clean.png
gt_name:  221_clean.png
gt_name:  354_clean.png
gt_name:  485_clean.png
gt_name:  108_clean.png
gt_name:  206_clean.png
gt_name:  616_clean.png
gt_name:  717_clean.png
gt_name:  38_clean.png
gt_name:  254_clean.png
gt_name:  14_clean.png
gt_name:  626_clean.png
gt_name:  642_clean.png
gt_name:  608_clean.png
gt_name:  15_clean.png
gt_name:  699_clean.png
gt_name:  417_clean.png
gt_name:  218_clean.png
gt_name:  450_clean.png
gt_name:  87_clean.png
gt_name:  255_clean.png
gt_name:  748_clean.png
gt_name:  582_clean.png
gt_name:  716_clean.png
gt_name:  194_clean.png
gt_name:  815_clean.png
gt_name:  365_clean.png
gt_name:  245_clean.png
gt_name:  824_clean.png
gt_name:  301_clean.png
gt_name:  544_clean.png
gt_name:  137_clean.png
gt_name:  295_clean.png
gt_name:  500_clean.png
gt_name:  391_clean.png
gt_name:  155_clean.png
gt_name:  630_clean.png
gt_name:  412_clean.png
gt_name:  116_clean.png
gt_name:  277_clean.png
gt_name:  596_clean.png
gt_name:  524_clean.png
gt_name:  382_clean.png
gt_name:  346_clean.png
gt_name:  600_clean.png
gt_name:  609_clean.png
gt_name:  4_clean.png
gt_name:  355_clean.png
gt_name:  858_clean.png
gt_name:  129_clean.png
gt_name:  151_clean.png
gt_name:  150_clean.png
gt_name:  164_clean.png
gt_name:  201_clean.png
gt_name:  468_clean.png
gt_name:  115_clean.png
gt_name:  512_clean.png
gt_name:  70_clean.png
gt_name:  612_clean.png
gt_name:  54_clean.png
gt_name:  731_clean.png
gt_name:  747_clean.png
gt_name:  801_clean.png
gt_name:  668_clean.png
gt_name:  502_clean.png
gt_name:  622_clean.png
gt_name:  415_clean.png
gt_name:  80_clean.png
gt_name:  439_clean.png
gt_name:  398_clean.png
gt_name:  460_clean.png
gt_name:  310_clean.png
gt_name:  187_clean.png
gt_name:  451_clean.png
gt_name:  11_clean.png
gt_name:  341_clean.png
gt_name:  690_clean.png
gt_name:  662_clean.png
gt_name:  7_clean.png
gt_name:  770_clean.png
gt_name:  823_clean.png
gt_name:  270_clean.png
gt_name:  510_clean.png
gt_name:  727_clean.png
gt_name:  30_clean.png
gt_name:  425_clean.png
gt_name:  773_clean.png
gt_name:  446_clean.png
gt_name:  820_clean.png
gt_name:  648_clean.png
gt_name:  778_clean.png
gt_name:  111_clean.png
gt_name:  549_clean.png
gt_name:  584_clean.png
gt_name:  445_clean.png
gt_name:  819_clean.png
gt_name:  826_clean.png
gt_name:  306_clean.png
gt_name:  671_clean.png
gt_name:  211_clean.png
gt_name:  554_clean.png
gt_name:  807_clean.png
gt_name:  305_clean.png
gt_name:  581_clean.png
gt_name:  859_clean.png
gt_name:  344_clean.png
gt_name:  5_clean.png
gt_name:  601_clean.png
gt_name:  330_clean.png
gt_name:  261_clean.png
gt_name:  376_clean.png
gt_name:  743_clean.png
gt_name:  413_clean.png
gt_name:  590_clean.png
gt_name:  683_clean.png
gt_name:  462_clean.png
gt_name:  284_clean.png
gt_name:  154_clean.png
gt_name:  737_clean.png
gt_name:  437_clean.png
gt_name:  124_clean.png
gt_name:  519_clean.png
gt_name:  663_clean.png
gt_name:  835_clean.png
gt_name:  666_clean.png
gt_name:  12_clean.png
gt_name:  793_clean.png
gt_name:  503_clean.png
gt_name:  13_clean.png
gt_name:  855_clean.png
gt_name:  632_clean.png
gt_name:  381_clean.png
gt_name:  515_clean.png
gt_name:  523_clean.png
gt_name:  27_clean.png
gt_name:  223_clean.png
gt_name:  133_clean.png
gt_name:  606_clean.png
gt_name:  695_clean.png
gt_name:  66_clean.png
gt_name:  658_clean.png
gt_name:  300_clean.png
gt_name:  280_clean.png
gt_name:  652_clean.png
gt_name:  361_clean.png
gt_name:  156_clean.png
gt_name:  633_clean.png
gt_name:  45_clean.png
gt_name:  21_clean.png
gt_name:  595_clean.png
gt_name:  844_clean.png
gt_name:  534_clean.png
gt_name:  738_clean.png
gt_name:  238_clean.png
gt_name:  447_clean.png
gt_name:  237_clean.png
gt_name:  732_clean.png
gt_name:  384_clean.png
gt_name:  378_clean.png
gt_name:  713_clean.png
gt_name:  558_clean.png
gt_name:  703_clean.png
gt_name:  687_clean.png
gt_name:  311_clean.png
gt_name:  504_clean.png
gt_name:  818_clean.png
gt_name:  98_clean.png
gt_name:  24_clean.png
gt_name:  239_clean.png
gt_name:  214_clean.png
gt_name:  649_clean.png
gt_name:  725_clean.png
gt_name:  35_clean.png
gt_name:  604_clean.png
gt_name:  329_clean.png
gt_name:  407_clean.png
gt_name:  323_clean.png
gt_name:  288_clean.png
gt_name:  678_clean.png
gt_name:  480_clean.png
gt_name:  17_clean.png
gt_name:  742_clean.png
gt_name:  224_clean.png
gt_name:  387_clean.png
gt_name:  745_clean.png
gt_name:  292_clean.png
gt_name:  697_clean.png
gt_name:  625_clean.png
gt_name:  405_clean.png
gt_name:  843_clean.png
gt_name:  857_clean.png
gt_name:  767_clean.png
gt_name:  780_clean.png
gt_name:  84_clean.png
gt_name:  20_clean.png
gt_name:  499_clean.png
gt_name:  81_clean.png
gt_name:  751_clean.png
gt_name:  679_clean.png
gt_name:  53_clean.png
gt_name:  797_clean.png
gt_name:  530_clean.png
gt_name:  44_clean.png
gt_name:  854_clean.png
gt_name:  789_clean.png
gt_name:  779_clean.png
gt_name:  465_clean.png
gt_name:  220_clean.png
gt_name:  79_clean.png
gt_name:  704_clean.png
gt_name:  228_clean.png
gt_name:  268_clean.png
gt_name:  634_clean.png
gt_name:  733_clean.png
gt_name:  532_clean.png
gt_name:  51_clean.png
gt_name:  199_clean.png
gt_name:  494_clean.png
gt_name:  708_clean.png
gt_name:  209_clean.png
gt_name:  783_clean.png
gt_name:  242_clean.png
gt_name:  256_clean.png
gt_name:  104_clean.png
gt_name:  641_clean.png
gt_name:  764_clean.png
gt_name:  139_clean.png
gt_name:  531_clean.png
gt_name:  253_clean.png
gt_name:  46_clean.png
gt_name:  637_clean.png
gt_name:  550_clean.png
gt_name:  457_clean.png
gt_name:  736_clean.png
gt_name:  377_clean.png
gt_name:  172_clean.png
gt_name:  714_clean.png
gt_name:  204_clean.png
gt_name:  484_clean.png
gt_name:  182_clean.png
gt_name:  135_clean.png
gt_name:  397_clean.png
gt_name:  561_clean.png
gt_name:  232_clean.png
gt_name:  518_clean.png
gt_name:  711_clean.png
gt_name:  18_clean.png
gt_name:  644_clean.png
gt_name:  29_clean.png
gt_name:  654_clean.png
gt_name:  573_clean.png
gt_name:  657_clean.png
gt_name:  282_clean.png
gt_name:  470_clean.png
gt_name:  432_clean.png
gt_name:  97_clean.png
gt_name:  367_clean.png
gt_name:  759_clean.png
gt_name:  798_clean.png
gt_name:  805_clean.png
gt_name:  677_clean.png
gt_name:  303_clean.png
gt_name:  490_clean.png
gt_name:  225_clean.png
gt_name:  681_clean.png
gt_name:  62_clean.png
gt_name:  566_clean.png
gt_name:  540_clean.png
gt_name:  580_clean.png
gt_name:  424_clean.png
gt_name:  830_clean.png
gt_name:  200_clean.png
gt_name:  360_clean.png
gt_name:  347_clean.png
gt_name:  428_clean.png
gt_name:  667_clean.png
gt_name:  766_clean.png
gt_name:  475_clean.png
gt_name:  180_clean.png
gt_name:  408_clean.png
gt_name:  69_clean.png
gt_name:  715_clean.png
gt_name:  564_clean.png
gt_name:  86_clean.png
gt_name:  351_clean.png
gt_name:  371_clean.png
gt_name:  297_clean.png
gt_name:  774_clean.png
gt_name:  85_clean.png
gt_name:  388_clean.png
gt_name:  189_clean.png
gt_name:  522_clean.png
gt_name:  88_clean.png
gt_name:  555_clean.png
gt_name:  374_clean.png
gt_name:  719_clean.png
gt_name:  638_clean.png
gt_name:  629_clean.png
gt_name:  636_clean.png
gt_name:  440_clean.png
gt_name:  433_clean.png
gt_name:  486_clean.png
gt_name:  226_clean.png
gt_name:  528_clean.png
gt_name:  744_clean.png
gt_name:  831_clean.png
gt_name:  852_clean.png
gt_name:  521_clean.png
gt_name:  196_clean.png
gt_name:  134_clean.png
gt_name:  332_clean.png
gt_name:  227_clean.png
gt_name:  58_clean.png
gt_name:  449_clean.png
gt_name:  800_clean.png
gt_name:  551_clean.png
gt_name:  93_clean.png
gt_name:  57_clean.png
gt_name:  477_clean.png
gt_name:  121_clean.png
gt_name:  856_clean.png
gt_name:  339_clean.png
gt_name:  724_clean.png
gt_name:  782_clean.png
gt_name:  850_clean.png
gt_name:  576_clean.png
gt_name:  621_clean.png
gt_name:  184_clean.png
gt_name:  3_clean.png
gt_name:  436_clean.png
gt_name:  421_clean.png
gt_name:  416_clean.png
gt_name:  368_clean.png
gt_name:  686_clean.png
gt_name:  117_clean.png
gt_name:  617_clean.png
gt_name:  140_clean.png
gt_name:  804_clean.png
gt_name:  278_clean.png
gt_name:  248_clean.png
gt_name:  841_clean.png
gt_name:  623_clean.png
gt_name:  422_clean.png
gt_name:  837_clean.png
gt_name:  472_clean.png
gt_name:  291_clean.png
gt_name:  110_clean.png
gt_name:  661_clean.png
gt_name:  401_clean.png
gt_name:  342_clean.png
gt_name:  721_clean.png
gt_name:  593_clean.png
gt_name:  478_clean.png
gt_name:  846_clean.png
gt_name:  710_clean.png
gt_name:  162_clean.png
gt_name:  190_clean.png
gt_name:  366_clean.png
gt_name:  768_clean.png
gt_name:  383_clean.png
gt_name:  318_clean.png
gt_name:  192_clean.png
gt_name:  64_clean.png
gt_name:  646_clean.png
gt_name:  790_clean.png
gt_name:  260_clean.png
gt_name:  839_clean.png
gt_name:  741_clean.png
gt_name:  257_clean.png
gt_name:  144_clean.png
gt_name:  399_clean.png
gt_name:  728_clean.png
gt_name:  803_clean.png
gt_name:  114_clean.png
gt_name:  26_clean.png
gt_name:  334_clean.png
gt_name:  91_clean.png
gt_name:  340_clean.png
gt_name:  396_clean.png
gt_name:  169_clean.png
gt_name:  588_clean.png
gt_name:  763_clean.png
gt_name:  560_clean.png
gt_name:  571_clean.png
gt_name:  176_clean.png
gt_name:  525_clean.png
gt_name:  193_clean.png
gt_name:  240_clean.png
gt_name:  118_clean.png
gt_name:  806_clean.png
gt_name:  222_clean.png
gt_name:  385_clean.png
gt_name:  796_clean.png
gt_name:  106_clean.png
gt_name:  345_clean.png
gt_name:  452_clean.png
gt_name:  219_clean.png
gt_name:  127_clean.png
gt_name:  31_clean.png
gt_name:  814_clean.png
gt_name:  431_clean.png
gt_name:  441_clean.png
gt_name:  611_clean.png
gt_name:  684_clean.png
gt_name:  795_clean.png
gt_name:  296_clean.png
gt_name:  148_clean.png
gt_name:  508_clean.png
gt_name:  234_clean.png
gt_name:  481_clean.png
gt_name:  849_clean.png
gt_name:  615_clean.png
gt_name:  259_clean.png
gt_name:  589_clean.png
gt_name:  676_clean.png
gt_name:  655_clean.png
gt_name:  195_clean.png
gt_name:  352_clean.png
gt_name:  570_clean.png
gt_name:  56_clean.png
gt_name:  539_clean.png
gt_name:  705_clean.png
gt_name:  43_clean.png
gt_name:  243_clean.png
gt_name:  647_clean.png
gt_name:  335_clean.png
gt_name:  37_clean.png
gt_name:  271_clean.png
gt_name:  672_clean.png
gt_name:  183_clean.png
gt_name:  78_clean.png
gt_name:  298_clean.png
gt_name:  68_clean.png
gt_name:  403_clean.png
gt_name:  828_clean.png
gt_name:  122_clean.png
gt_name:  775_clean.png
gt_name:  404_clean.png
gt_name:  63_clean.png
gt_name:  757_clean.png
gt_name:  752_clean.png
gt_name:  427_clean.png
gt_name:  553_clean.png
gt_name:  842_clean.png
gt_name:  845_clean.png
gt_name:  159_clean.png
gt_name:  618_clean.png
gt_name:  563_clean.png
gt_name:  562_clean.png
gt_name:  338_clean.png
gt_name:  669_clean.png
gt_name:  483_clean.png
gt_name:  147_clean.png
gt_name:  746_clean.png
gt_name:  426_clean.png
gt_name:  262_clean.png
gt_name:  105_clean.png
gt_name:  337_clean.png
gt_name:  507_clean.png
gt_name:  75_clean.png
gt_name:  380_clean.png
gt_name:  328_clean.png
gt_name:  776_clean.png
gt_name:  552_clean.png
gt_name:  469_clean.png
gt_name:  103_clean.png
gt_name:  723_clean.png
gt_name:  285_clean.png
gt_name:  809_clean.png
gt_name:  263_clean.png
gt_name:  369_clean.png
gt_name:  178_clean.png
gt_name:  572_clean.png
gt_name:  315_clean.png
gt_name:  389_clean.png
gt_name:  55_clean.png
gt_name:  321_clean.png
gt_name:  487_clean.png
gt_name:  851_clean.png
gt_name:  665_clean.png
gt_name:  760_clean.png
gt_name:  860_clean.png
gt_name:  294_clean.png
gt_name:  112_clean.png
gt_name:  130_clean.png
gt_name:  718_clean.png
gt_name:  707_clean.png
gt_name:  67_clean.png
gt_name:  198_clean.png
gt_name:  557_clean.png
gt_name:  370_clean.png
gt_name:  591_clean.png
gt_name:  700_clean.png
gt_name:  161_clean.png
gt_name:  119_clean.png
gt_name:  327_clean.png
gt_name:  186_clean.png
gt_name:  236_clean.png
gt_name:  400_clean.png
gt_name:  402_clean.png
gt_name:  92_clean.png
gt_name:  810_clean.png
gt_name:  411_clean.png
gt_name:  459_clean.png
gt_name:  675_clean.png
gt_name:  165_clean.png
gt_name:  656_clean.png
gt_name:  735_clean.png
gt_name:  95_clean.png
gt_name:  203_clean.png
gt_name:  316_clean.png
gt_name:  577_clean.png
gt_name:  146_clean.png
gt_name:  467_clean.png
gt_name:  673_clean.png
gt_name:  464_clean.png
gt_name:  393_clean.png
gt_name:  722_clean.png
gt_name:  620_clean.png
gt_name:  511_clean.png
gt_name:  834_clean.png
gt_name:  430_clean.png
gt_name:  688_clean.png
gt_name:  166_clean.png
gt_name:  197_clean.png
gt_name:  109_clean.png
gt_name:  138_clean.png
gt_name:  533_clean.png
gt_name:  171_clean.png
gt_name:  409_clean.png
gt_name:  599_clean.png
gt_name:  635_clean.png
gt_name:  392_clean.png
gt_name:  264_clean.png
gt_name:  33_clean.png
gt_name:  506_clean.png
gt_name:  188_clean.png
gt_name:  674_clean.png
gt_name:  39_clean.png
gt_name:  639_clean.png
gt_name:  792_clean.png
gt_name:  520_clean.png
gt_name:  175_clean.png
gt_name:  836_clean.png
gt_name:  25_clean.png
gt_name:  181_clean.png
gt_name:  682_clean.png
gt_name:  286_clean.png
gt_name:  816_clean.png
gt_name:  660_clean.png
gt_name:  94_clean.png
gt_name:  107_clean.png
gt_name:  434_clean.png
gt_name:  605_clean.png
gt_name:  73_clean.png
gt_name:  207_clean.png
gt_name:  76_clean.png
gt_name:  513_clean.png
gt_name:  501_clean.png
gt_name:  693_clean.png
gt_name:  761_clean.png
gt_name:  283_clean.png
gt_name:  497_clean.png
gt_name:  454_clean.png
gt_name:  373_clean.png
gt_name:  331_clean.png
gt_name:  749_clean.png
gt_name:  10_clean.png
gt_name:  603_clean.png
gt_name:  784_clean.png
gt_name:  817_clean.png
gt_name:  356_clean.png
gt_name:  559_clean.png
gt_name:  788_clean.png
gt_name:  829_clean.png
gt_name:  645_clean.png
gt_name:  574_clean.png
gt_name:  362_clean.png
gt_name:  476_clean.png
gt_name:  720_clean.png
gt_name:  822_clean.png
gt_name:  336_clean.png
gt_name:  36_clean.png
gt_name:  364_clean.png
gt_name:  811_clean.png
gt_name:  840_clean.png
gt_name:  213_clean.png
gt_name:  493_clean.png
gt_name:  89_clean.png
gt_name:  712_clean.png
gt_name:  423_clean.png
gt_name:  631_clean.png
gt_name:  158_clean.png
gt_name:  231_clean.png
gt_name:  149_clean.png
gt_name:  168_clean.png
gt_name:  461_clean.png
gt_name:  410_clean.png
gt_name:  157_clean.png
gt_name:  694_clean.png
gt_name:  696_clean.png
gt_name:  619_clean.png
gt_name:  488_clean.png
gt_name:  61_clean.png
gt_name:  701_clean.png
gt_name:  808_clean.png
gt_name:  77_clean.png
gt_name:  101_clean.png
gt_name:  594_clean.png
gt_name:  102_clean.png
gt_name:  249_clean.png
gt_name:  709_clean.png
gt_name:  535_clean.png
gt_name:  210_clean.png
gt_name:  349_clean.png
gt_name:  762_clean.png
gt_name:  100_clean.png
gt_name:  473_clean.png
gt_name:  543_clean.png
gt_name:  212_clean.png
gt_name:  363_clean.png
gt_name:  174_clean.png
gt_name:  689_clean.png
gt_name:  153_clean.png
gt_name:  272_clean.png
gt_name:  537_clean.png
gt_name:  394_clean.png
gt_name:  754_clean.png
gt_name:  832_clean.png
gt_name:  610_clean.png
gt_name:  312_clean.png
gt_name:  34_clean.png
gt_name:  517_clean.png
gt_name:  827_clean.png
gt_name:  568_clean.png
gt_name:  287_clean.png
gt_name:  813_clean.png
gt_name:  527_clean.png
gt_name:  787_clean.png
gt_name:  177_clean.png
gt_name:  569_clean.png
gt_name:  613_clean.png
gt_name:  251_clean.png
gt_name:  453_clean.png
gt_name:  50_clean.png
gt_name:  299_clean.png
gt_name:  258_clean.png
gt_name:  65_clean.png
gt_name:  516_clean.png
gt_name:  772_clean.png
gt_name:  592_clean.png
gt_name:  730_clean.png
gt_name:  692_clean.png
gt_name:  455_clean.png
gt_name:  16_clean.png
gt_name:  653_clean.png
gt_name:  60_clean.png
gt_name:  771_clean.png
gt_name:  491_clean.png
gt_name:  546_clean.png
gt_name:  419_clean.png
gt_name:  19_clean.png
gt_name:  556_clean.png
gt_name:  781_clean.png
gt_name:  643_clean.png
gt_name:  587_clean.png
gt_name:  602_clean.png
gt_name:  386_clean.png
gt_name:  132_clean.png
gt_name:  538_clean.png
gt_name:  28_clean.png
gt_name:  314_clean.png
gt_name:  269_clean.png
gt_name:  583_clean.png
gt_name:  191_clean.png
gt_name:  48_clean.png
gt_name:  547_clean.png
gt_name:  247_clean.png
gt_name:  170_clean.png
gt_name:  651_clean.png
gt_name:  726_clean.png
gt_name:  390_clean.png
gt_name:  229_clean.png
gt_name:  443_clean.png
gt_name:  266_clean.png
gt_name:  308_clean.png
gt_name:  40_clean.png
gt_name:  664_clean.png
gt_name:  598_clean.png
gt_name:  702_clean.png
gt_name:  670_clean.png
gt_name:  495_clean.png
gt_name:  838_clean.png
gt_name:  456_clean.png
gt_name:  395_clean.png
gt_name:  275_clean.png
gt_name:  640_clean.png
gt_name:  614_clean.png
gt_name:  627_clean.png
gt_name:  307_clean.png
gt_name:  799_clean.png
gt_name:  324_clean.png
gt_name:  406_clean.png
gt_name:  496_clean.png
gt_name:  59_clean.png
gt_name:  769_clean.png
gt_name:  96_clean.png
gt_name:  435_clean.png
gt_name:  353_clean.png
gt_name:  729_clean.png
gt_name:  420_clean.png
gt_name:  585_clean.png
gt_name:  734_clean.png
gt_name:  325_clean.png
gt_name:  358_clean.png
gt_name:  136_clean.png
gt_name:  313_clean.png
gt_name:  847_clean.png
gt_name:  216_clean.png
gt_name:  758_clean.png
gt_name:  82_clean.png
gt_name:  208_clean.png
gt_name:  505_clean.png
gt_name:  448_clean.png
gt_name:  659_clean.png
gt_name:  785_clean.png
gt_name:  125_clean.png
gt_name:  293_clean.png
gt_name:  246_clean.png
gt_name:  128_clean.png
gt_name:  848_clean.png
gt_name:  489_clean.png
gt_name:  740_clean.png
gt_name:  47_clean.png
gt_name:  309_clean.png
gt_name:  152_clean.png
gt_name:  173_clean.png
gt_name:  250_clean.png
gt_name:  444_clean.png
gt_name:  143_clean.png
gt_name:  607_clean.png
gt_name:  545_clean.png
gt_name:  812_clean.png
gt_name:  185_clean.png
gt_name:  52_clean.png
gt_name:  438_clean.png
gt_name:  466_clean.png
gt_name:  289_clean.png
gt_name:  302_clean.png
gt_name:  49_clean.png
gt_name:  123_clean.png
gt_name:  586_clean.png
gt_name:  267_clean.png
gt_name:  273_clean.png
gt_name:  418_clean.png
gt_name:  786_clean.png
gt_name:  244_clean.png
gt_name:  42_clean.png
gt_name:  414_clean.png
gt_name:  579_clean.png
gt_name:  372_clean.png
gt_name:  482_clean.png
gt_name:  474_clean.png
gt_name:  304_clean.png
gt_name:  71_clean.png
gt_name:  99_clean.png
gt_name:  90_clean.png
gt_name:  252_clean.png
gt_name:  802_clean.png
gt_name:  509_clean.png
gt_name:  650_clean.png
gt_name:  765_clean.png
gt_name:  141_clean.png
gt_name:  205_clean.png
gt_name:  628_clean.png
gt_name:  597_clean.png
gt_name:  565_clean.png
gt_name:  575_clean.png
gt_name:  706_clean.png
gt_name:  498_clean.png
gt_name:  274_clean.png
gt_name:  739_clean.png
gt_name:  578_clean.png
gt_name:  350_clean.png
gt_name:  333_clean.png
gt_name:  794_clean.png
gt_name:  126_clean.png
gt_name:  9_clean.png
gt_name:  542_clean.png
gt_name:  698_clean.png
gt_name:  526_clean.png
gt_name:  72_clean.png
gt_name:  290_clean.png
gt_name:  113_clean.png
gt_name:  142_clean.png
gt_name:  750_clean.png
gt_name:  359_clean.png
gt_name:  230_clean.png
gt_name:  235_clean.png
gt_name:  145_clean.png
gt_name:  379_clean.png
gt_name:  131_clean.png
gt_name:  74_clean.png
gt_name:  320_clean.png
gt_name:  833_clean.png
gt_name:  233_clean.png
gt_name:  548_clean.png
gt_name:  463_clean.png
gt_name:  279_clean.png
gt_name:  281_clean.png
gt_name:  536_clean.png
gt_name:  691_clean.png
gt_name:  179_clean.png
gt_name:  32_clean.png
gt_name:  319_clean.png
gt_name:  514_clean.png
gt_name:  326_clean.png
gt_name:  2_clean.png
gt_name:  215_clean.png
gt_name:  322_clean.png
gt_name:  6_clean.png
gt_name:  471_clean.png
gt_name:  479_clean.png
gt_name:  755_clean.png
gt_name:  458_clean.png
gt_name:  853_clean.png
gt_name:  0_clean.png
gt_name:  202_clean.png
gt_name:  541_clean.png
gt_name:  22_clean.png
gt_name:  163_clean.png
gt_name:  375_clean.png
gt_name:  791_clean.png
gt_name:  23_clean.png
gt_name:  167_clean.png
gt_name:  357_clean.png
gt_name:  825_clean.png
gt_name:  756_clean.png
gt_name:  624_clean.png
gt_name:  777_clean.png
gt_name:  120_clean.png
gt_name:  265_clean.png
861
img_name:  11_rain.png
img_name:  44_rain.png
img_name:  50_rain.png
img_name:  45_rain.png
img_name:  23_rain.png
img_name:  0_rain.png
img_name:  22_rain.png
img_name:  46_rain.png
img_name:  19_rain.png
img_name:  35_rain.png
img_name:  31_rain.png
img_name:  33_rain.png
img_name:  41_rain.png
img_name:  2_rain.png
img_name:  36_rain.png
img_name:  38_rain.png
img_name:  13_rain.png
img_name:  55_rain.png
img_name:  24_rain.png
img_name:  25_rain.png
img_name:  47_rain.png
img_name:  16_rain.png
img_name:  8_rain.png
img_name:  52_rain.png
img_name:  34_rain.png
img_name:  30_rain.png
img_name:  56_rain.png
img_name:  10_rain.png
img_name:  4_rain.png
img_name:  3_rain.png
img_name:  53_rain.png
img_name:  1_rain.png
img_name:  29_rain.png
img_name:  17_rain.png
img_name:  15_rain.png
img_name:  5_rain.png
img_name:  37_rain.png
img_name:  39_rain.png
img_name:  21_rain.png
img_name:  49_rain.png
img_name:  18_rain.png
img_name:  7_rain.png
img_name:  27_rain.png
img_name:  20_rain.png
img_name:  26_rain.png
img_name:  40_rain.png
img_name:  12_rain.png
img_name:  14_rain.png
img_name:  6_rain.png
img_name:  54_rain.png
img_name:  28_rain.png
img_name:  51_rain.png
img_name:  48_rain.png
img_name:  42_rain.png
img_name:  32_rain.png
img_name:  57_rain.png
img_name:  9_rain.png
img_name:  43_rain.png
gt_name:  8_clean.png
gt_name:  41_clean.png
gt_name:  1_clean.png
gt_name:  38_clean.png
gt_name:  14_clean.png
gt_name:  15_clean.png
gt_name:  4_clean.png
gt_name:  54_clean.png
gt_name:  11_clean.png
gt_name:  7_clean.png
gt_name:  30_clean.png
gt_name:  5_clean.png
gt_name:  12_clean.png
gt_name:  13_clean.png
gt_name:  27_clean.png
gt_name:  45_clean.png
gt_name:  21_clean.png
gt_name:  24_clean.png
gt_name:  35_clean.png
gt_name:  17_clean.png
gt_name:  20_clean.png
gt_name:  53_clean.png
gt_name:  44_clean.png
gt_name:  51_clean.png
gt_name:  46_clean.png
gt_name:  18_clean.png
gt_name:  29_clean.png
gt_name:  57_clean.png
gt_name:  3_clean.png
gt_name:  26_clean.png
gt_name:  31_clean.png
gt_name:  56_clean.png
gt_name:  43_clean.png
gt_name:  37_clean.png
gt_name:  55_clean.png
gt_name:  33_clean.png
gt_name:  39_clean.png
gt_name:  25_clean.png
gt_name:  10_clean.png
gt_name:  36_clean.png
gt_name:  34_clean.png
gt_name:  50_clean.png
gt_name:  16_clean.png
gt_name:  19_clean.png
gt_name:  28_clean.png
gt_name:  48_clean.png
gt_name:  40_clean.png
gt_name:  47_clean.png
gt_name:  52_clean.png
gt_name:  49_clean.png
gt_name:  42_clean.png
gt_name:  9_clean.png
gt_name:  32_clean.png
gt_name:  2_clean.png
gt_name:  6_clean.png
gt_name:  0_clean.png
gt_name:  22_clean.png
gt_name:  23_clean.png
58
Traceback (most recent call last):
  File "train.py", line 101, in <module>
    for i, (im_l, im_r, gt_l, gt_r, disp, disp_r, mask, mask_r) in enumerate(train_loader):
ValueError: not enough values to unpack (expected 8, got 2)
